npm warn exec The following package was not found and will be installed: http-server@14.1.1
Starting up http-server, serving ./

http-server version: 14.1.1

http-server settings:
CORS: disabled
Cache: 3600 seconds
Connection Timeout: 120 seconds
Directory Listings: visible
AutoIndex: visible
Serve GZIP Files: false
Serve Brotli Files: false
Default File Extension: none

Available on:
  http://127.0.0.1:8080
  http://192.168.0.2:8080
Hit CTRL-C to stop the server

[2025-12-14T15:52:27.945Z]  "GET /" "Mozilla/5.0 (Windows NT 10.0; Win64; x64) AppleWebKit/537.36 (KHTML, like Gecko) Chrome/143.0.7499.4 Safari/537.36"
(node:5064) [DEP0066] DeprecationWarning: OutgoingMessage.prototype._headers is deprecated
(Use `node --trace-deprecation ...` to show where the warning was created)
[2025-12-14T15:52:27.983Z]  "GET /styles.css" "Mozilla/5.0 (Windows NT 10.0; Win64; x64) AppleWebKit/537.36 (KHTML, like Gecko) Chrome/143.0.7499.4 Safari/537.36"
[2025-12-14T15:52:27.989Z]  "GET /script.js" "Mozilla/5.0 (Windows NT 10.0; Win64; x64) AppleWebKit/537.36 (KHTML, like Gecko) Chrome/143.0.7499.4 Safari/537.36"
[2025-12-14T15:52:28.152Z]  "GET /grad-hero.webp" "Mozilla/5.0 (Windows NT 10.0; Win64; x64) AppleWebKit/537.36 (KHTML, like Gecko) Chrome/143.0.7499.4 Safari/537.36"
[2025-12-14T15:52:30.466Z]  "GET /" "Mozilla/5.0 (Windows NT 10.0; Win64; x64; rv:144.0.2) Gecko/20100101 Firefox/144.0.2"
[2025-12-14T15:52:30.849Z]  "GET /styles.css" "Mozilla/5.0 (Windows NT 10.0; Win64; x64; rv:144.0.2) Gecko/20100101 Firefox/144.0.2"
[2025-12-14T15:52:30.854Z]  "GET /script.js" "Mozilla/5.0 (Windows NT 10.0; Win64; x64; rv:144.0.2) Gecko/20100101 Firefox/144.0.2"
[2025-12-14T15:52:30.902Z]  "GET /grad-hero.webp" "Mozilla/5.0 (Windows NT 10.0; Win64; x64; rv:144.0.2) Gecko/20100101 Firefox/144.0.2"
[2025-12-14T15:52:31.018Z]  "GET /favicon.ico" "Mozilla/5.0 (Windows NT 10.0; Win64; x64; rv:144.0.2) Gecko/20100101 Firefox/144.0.2"
[2025-12-14T15:52:31.039Z]  "GET /favicon.ico" Error (404): "Not found"
[2025-12-14T15:53:02.200Z]  "GET /" "Mozilla/5.0 (Macintosh; Intel Mac OS X 10_15_7) AppleWebKit/605.1.15 (KHTML, like Gecko) Version/26.0 Safari/605.1.15"
[2025-12-14T15:53:02.228Z]  "GET /styles.css" "Mozilla/5.0 (Macintosh; Intel Mac OS X 10_15_7) AppleWebKit/605.1.15 (KHTML, like Gecko) Version/26.0 Safari/605.1.15"
[2025-12-14T15:53:02.269Z]  "GET /script.js" "Mozilla/5.0 (Macintosh; Intel Mac OS X 10_15_7) AppleWebKit/605.1.15 (KHTML, like Gecko) Version/26.0 Safari/605.1.15"
[2025-12-14T15:53:02.361Z]  "GET /grad-hero.webp" "Mozilla/5.0 (Macintosh; Intel Mac OS X 10_15_7) AppleWebKit/605.1.15 (KHTML, like Gecko) Version/26.0 Safari/605.1.15"
[2025-12-14T15:53:47.583Z]  "GET /" "Mozilla/5.0 (Windows NT 10.0; Win64; x64) AppleWebKit/537.36 (KHTML, like Gecko) Chrome/143.0.7499.4 Safari/537.36"
[2025-12-14T15:53:47.599Z]  "GET /styles.css" "Mozilla/5.0 (Windows NT 10.0; Win64; x64) AppleWebKit/537.36 (KHTML, like Gecko) Chrome/143.0.7499.4 Safari/537.36"
[2025-12-14T15:53:47.603Z]  "GET /script.js" "Mozilla/5.0 (Windows NT 10.0; Win64; x64) AppleWebKit/537.36 (KHTML, like Gecko) Chrome/143.0.7499.4 Safari/537.36"
[2025-12-14T15:53:47.626Z]  "GET /grad-hero.webp" "Mozilla/5.0 (Windows NT 10.0; Win64; x64) AppleWebKit/537.36 (KHTML, like Gecko) Chrome/143.0.7499.4 Safari/537.36"
[2025-12-14T15:53:49.001Z]  "GET /" "Mozilla/5.0 (Windows NT 10.0; Win64; x64; rv:144.0.2) Gecko/20100101 Firefox/144.0.2"
[2025-12-14T15:53:49.250Z]  "GET /styles.css" "Mozilla/5.0 (Windows NT 10.0; Win64; x64; rv:144.0.2) Gecko/20100101 Firefox/144.0.2"
[2025-12-14T15:53:49.256Z]  "GET /script.js" "Mozilla/5.0 (Windows NT 10.0; Win64; x64; rv:144.0.2) Gecko/20100101 Firefox/144.0.2"
[2025-12-14T15:53:49.286Z]  "GET /grad-hero.webp" "Mozilla/5.0 (Windows NT 10.0; Win64; x64; rv:144.0.2) Gecko/20100101 Firefox/144.0.2"
[2025-12-14T15:53:49.304Z]  "GET /favicon.ico" "Mozilla/5.0 (Windows NT 10.0; Win64; x64; rv:144.0.2) Gecko/20100101 Firefox/144.0.2"
[2025-12-14T15:53:49.305Z]  "GET /favicon.ico" Error (404): "Not found"
[2025-12-14T15:54:18.935Z]  "GET /" "Mozilla/5.0 (Macintosh; Intel Mac OS X 10_15_7) AppleWebKit/605.1.15 (KHTML, like Gecko) Version/26.0 Safari/605.1.15"
[2025-12-14T15:54:18.946Z]  "GET /styles.css" "Mozilla/5.0 (Macintosh; Intel Mac OS X 10_15_7) AppleWebKit/605.1.15 (KHTML, like Gecko) Version/26.0 Safari/605.1.15"
[2025-12-14T15:54:18.994Z]  "GET /script.js" "Mozilla/5.0 (Macintosh; Intel Mac OS X 10_15_7) AppleWebKit/605.1.15 (KHTML, like Gecko) Version/26.0 Safari/605.1.15"
[2025-12-14T15:54:19.090Z]  "GET /grad-hero.webp" "Mozilla/5.0 (Macintosh; Intel Mac OS X 10_15_7) AppleWebKit/605.1.15 (KHTML, like Gecko) Version/26.0 Safari/605.1.15"
[2025-12-14T15:55:07.084Z]  "GET /" "Mozilla/5.0 (Windows NT 10.0; Win64; x64) AppleWebKit/537.36 (KHTML, like Gecko) Chrome/143.0.7499.4 Safari/537.36"
[2025-12-14T15:55:07.104Z]  "GET /styles.css" "Mozilla/5.0 (Windows NT 10.0; Win64; x64) AppleWebKit/537.36 (KHTML, like Gecko) Chrome/143.0.7499.4 Safari/537.36"
[2025-12-14T15:55:07.105Z]  "GET /script.js" "Mozilla/5.0 (Windows NT 10.0; Win64; x64) AppleWebKit/537.36 (KHTML, like Gecko) Chrome/143.0.7499.4 Safari/537.36"
[2025-12-14T15:55:07.190Z]  "GET /grad-hero.webp" "Mozilla/5.0 (Windows NT 10.0; Win64; x64) AppleWebKit/537.36 (KHTML, like Gecko) Chrome/143.0.7499.4 Safari/537.36"
[2025-12-14T15:55:08.548Z]  "GET /" "Mozilla/5.0 (Windows NT 10.0; Win64; x64; rv:144.0.2) Gecko/20100101 Firefox/144.0.2"
[2025-12-14T15:55:08.750Z]  "GET /styles.css" "Mozilla/5.0 (Windows NT 10.0; Win64; x64; rv:144.0.2) Gecko/20100101 Firefox/144.0.2"
[2025-12-14T15:55:08.754Z]  "GET /script.js" "Mozilla/5.0 (Windows NT 10.0; Win64; x64; rv:144.0.2) Gecko/20100101 Firefox/144.0.2"
[2025-12-14T15:55:08.787Z]  "GET /grad-hero.webp" "Mozilla/5.0 (Windows NT 10.0; Win64; x64; rv:144.0.2) Gecko/20100101 Firefox/144.0.2"
[2025-12-14T15:55:08.799Z]  "GET /favicon.ico" "Mozilla/5.0 (Windows NT 10.0; Win64; x64; rv:144.0.2) Gecko/20100101 Firefox/144.0.2"
[2025-12-14T15:55:08.799Z]  "GET /favicon.ico" Error (404): "Not found"
[2025-12-14T15:55:10.432Z]  "GET /" "Mozilla/5.0 (Macintosh; Intel Mac OS X 10_15_7) AppleWebKit/605.1.15 (KHTML, like Gecko) Version/26.0 Safari/605.1.15"
[2025-12-14T15:55:10.450Z]  "GET /styles.css" "Mozilla/5.0 (Macintosh; Intel Mac OS X 10_15_7) AppleWebKit/605.1.15 (KHTML, like Gecko) Version/26.0 Safari/605.1.15"
[2025-12-14T15:55:10.459Z]  "GET /script.js" "Mozilla/5.0 (Macintosh; Intel Mac OS X 10_15_7) AppleWebKit/605.1.15 (KHTML, like Gecko) Version/26.0 Safari/605.1.15"
[2025-12-14T15:55:10.663Z]  "GET /grad-hero.webp" "Mozilla/5.0 (Macintosh; Intel Mac OS X 10_15_7) AppleWebKit/605.1.15 (KHTML, like Gecko) Version/26.0 Safari/605.1.15"
[2025-12-14T15:56:49.342Z]  "GET /" "Mozilla/5.0 (X11; Linux x86_64) AppleWebKit/537.36 (KHTML, like Gecko) HeadlessChrome/140.0.7339.16 Safari/537.36"
[2025-12-14T15:56:49.437Z]  "GET /styles.css" "Mozilla/5.0 (X11; Linux x86_64) AppleWebKit/537.36 (KHTML, like Gecko) HeadlessChrome/140.0.7339.16 Safari/537.36"
[2025-12-14T15:56:49.437Z]  "GET /script.js" "Mozilla/5.0 (X11; Linux x86_64) AppleWebKit/537.36 (KHTML, like Gecko) HeadlessChrome/140.0.7339.16 Safari/537.36"
[2025-12-14T15:56:49.577Z]  "GET /grad-hero.webp" "Mozilla/5.0 (X11; Linux x86_64) AppleWebKit/537.36 (KHTML, like Gecko) HeadlessChrome/140.0.7339.16 Safari/537.36"
[2025-12-14T15:57:25.003Z]  "GET /" "Mozilla/5.0 (X11; Linux x86_64) AppleWebKit/537.36 (KHTML, like Gecko) HeadlessChrome/140.0.7339.16 Safari/537.36"
[2025-12-14T15:57:25.014Z]  "GET /styles.css" "Mozilla/5.0 (X11; Linux x86_64) AppleWebKit/537.36 (KHTML, like Gecko) HeadlessChrome/140.0.7339.16 Safari/537.36"
[2025-12-14T15:57:25.014Z]  "GET /script.js" "Mozilla/5.0 (X11; Linux x86_64) AppleWebKit/537.36 (KHTML, like Gecko) HeadlessChrome/140.0.7339.16 Safari/537.36"
[2025-12-14T15:57:25.034Z]  "GET /grad-hero.webp" "Mozilla/5.0 (X11; Linux x86_64) AppleWebKit/537.36 (KHTML, like Gecko) HeadlessChrome/140.0.7339.16 Safari/537.36"
[2025-12-14T16:00:26.965Z]  "GET /" "Mozilla/5.0 (X11; Linux x86_64) AppleWebKit/537.36 (KHTML, like Gecko) HeadlessChrome/140.0.7339.16 Safari/537.36"
[2025-12-14T16:00:26.975Z]  "GET /styles.css" "Mozilla/5.0 (X11; Linux x86_64) AppleWebKit/537.36 (KHTML, like Gecko) HeadlessChrome/140.0.7339.16 Safari/537.36"
[2025-12-14T16:00:26.976Z]  "GET /script.js" "Mozilla/5.0 (X11; Linux x86_64) AppleWebKit/537.36 (KHTML, like Gecko) HeadlessChrome/140.0.7339.16 Safari/537.36"
[2025-12-14T16:00:27.001Z]  "GET /grad-hero.webp" "Mozilla/5.0 (X11; Linux x86_64) AppleWebKit/537.36 (KHTML, like Gecko) HeadlessChrome/140.0.7339.16 Safari/537.36"
[2025-12-14T16:01:45.352Z]  "GET /" "Mozilla/5.0 (X11; Linux x86_64) AppleWebKit/537.36 (KHTML, like Gecko) HeadlessChrome/140.0.7339.16 Safari/537.36"
[2025-12-14T16:01:45.362Z]  "GET /styles.css" "Mozilla/5.0 (X11; Linux x86_64) AppleWebKit/537.36 (KHTML, like Gecko) HeadlessChrome/140.0.7339.16 Safari/537.36"
[2025-12-14T16:01:45.363Z]  "GET /script.js" "Mozilla/5.0 (X11; Linux x86_64) AppleWebKit/537.36 (KHTML, like Gecko) HeadlessChrome/140.0.7339.16 Safari/537.36"
[2025-12-14T16:01:45.394Z]  "GET /grad-hero.webp" "Mozilla/5.0 (X11; Linux x86_64) AppleWebKit/537.36 (KHTML, like Gecko) HeadlessChrome/140.0.7339.16 Safari/537.36"
[2025-12-14T16:03:49.242Z]  "GET /" "Mozilla/5.0 (X11; Linux x86_64) AppleWebKit/537.36 (KHTML, like Gecko) HeadlessChrome/140.0.7339.16 Safari/537.36"
[2025-12-14T16:03:49.253Z]  "GET /styles.css" "Mozilla/5.0 (X11; Linux x86_64) AppleWebKit/537.36 (KHTML, like Gecko) HeadlessChrome/140.0.7339.16 Safari/537.36"
[2025-12-14T16:03:49.254Z]  "GET /script.js" "Mozilla/5.0 (X11; Linux x86_64) AppleWebKit/537.36 (KHTML, like Gecko) HeadlessChrome/140.0.7339.16 Safari/537.36"
[2025-12-14T16:03:49.282Z]  "GET /grad-hero.webp" "Mozilla/5.0 (X11; Linux x86_64) AppleWebKit/537.36 (KHTML, like Gecko) HeadlessChrome/140.0.7339.16 Safari/537.36"
[2025-12-14T16:05:11.037Z]  "GET /" "Mozilla/5.0 (X11; Linux x86_64) AppleWebKit/537.36 (KHTML, like Gecko) HeadlessChrome/140.0.7339.16 Safari/537.36"
[2025-12-14T16:05:11.047Z]  "GET /styles.css" "Mozilla/5.0 (X11; Linux x86_64) AppleWebKit/537.36 (KHTML, like Gecko) HeadlessChrome/140.0.7339.16 Safari/537.36"
[2025-12-14T16:05:11.048Z]  "GET /script.js" "Mozilla/5.0 (X11; Linux x86_64) AppleWebKit/537.36 (KHTML, like Gecko) HeadlessChrome/140.0.7339.16 Safari/537.36"
[2025-12-14T16:05:11.071Z]  "GET /grad-hero.webp" "Mozilla/5.0 (X11; Linux x86_64) AppleWebKit/537.36 (KHTML, like Gecko) HeadlessChrome/140.0.7339.16 Safari/537.36"
